Flow report for UA3REO
Sun Nov 04 18:13:22 2018
Quartus Prime Version 17.1.1 Internal Build 593 12/11/2017 SJ Standard Edition


---------------------
; Table of Contents ;
---------------------
  1. Legal Notice
  2. Flow Summary
  3. Flow Settings
  4. Flow Non-Default Global Settings
  5. Flow Elapsed Time
  6. Flow OS Summary
  7. Flow Log
  8. Flow Messages
  9. Flow Suppressed Messages



----------------
; Legal Notice ;
----------------
Copyright (C) 2017  Intel Corporation. All rights reserved.
Your use of Intel Corporation's design tools, logic functions 
and other software and tools, and its AMPP partner logic 
functions, and any output files from any of the foregoing 
(including device programming or simulation files), and any 
associated documentation or information are expressly subject 
to the terms and conditions of the Intel Program License 
Subscription Agreement, the Intel Quartus Prime License Agreement,
the Intel FPGA IP License Agreement, or other applicable license
agreement, including, without limitation, that your use is for
the sole purpose of programming logic devices manufactured by
Intel and sold by Intel or its authorized distributors.  Please
refer to the applicable agreement for further details.



+-----------------------------------------------------------------------------------------------+
; Flow Summary                                                                                  ;
+------------------------------------+----------------------------------------------------------+
; Flow Status                        ; Successful - Sun Nov 04 18:13:11 2018                    ;
; Quartus Prime Version              ; 17.1.1 Internal Build 593 12/11/2017 SJ Standard Edition ;
; Revision Name                      ; UA3REO                                                   ;
; Top-level Entity Name              ; UA3REO                                                   ;
; Family                             ; Cyclone IV E                                             ;
; Device                             ; EP4CE22E22C8                                             ;
; Timing Models                      ; Final                                                    ;
; Total logic elements               ; 11,690 / 22,320 ( 52 % )                                 ;
;     Total combinational functions  ; 7,796 / 22,320 ( 35 % )                                  ;
;     Dedicated logic registers      ; 10,024 / 22,320 ( 45 % )                                 ;
; Total registers                    ; 10024                                                    ;
; Total pins                         ; 41 / 80 ( 51 % )                                         ;
; Total virtual pins                 ; 0                                                        ;
; Total memory bits                  ; 76,416 / 608,256 ( 13 % )                                ;
; Embedded Multiplier 9-bit elements ; 24 / 132 ( 18 % )                                        ;
; Total PLLs                         ; 2 / 4 ( 50 % )                                           ;
+------------------------------------+----------------------------------------------------------+


+-----------------------------------------+
; Flow Settings                           ;
+-------------------+---------------------+
; Option            ; Setting             ;
+-------------------+---------------------+
; Start date & time ; 11/03/2018 13:15:06 ;
; Main task         ; Compilation         ;
; Revision Name     ; UA3REO              ;
+-------------------+---------------------+


+------------------------------------------------------------------------------------------------------------------------------------------------+
; Flow Non-Default Global Settings                                                                                                               ;
+-------------------------------------+----------------------------------------+--------------------------------------+-------------+------------+
; Assignment Name                     ; Value                                  ; Default Value                        ; Entity Name ; Section Id ;
+-------------------------------------+----------------------------------------+--------------------------------------+-------------+------------+
; COMPILER_SIGNATURE_ID               ; 215977245589278.154124010611816        ; --                                   ; --          ; --         ;
; ENABLE_LOGIC_ANALYZER_INTERFACE     ; Off                                    ; --                                   ; --          ; --         ;
; ENABLE_SIGNALTAP                    ; Off                                    ; --                                   ; --          ; --         ;
; FLOW_ENABLE_IO_ASSIGNMENT_ANALYSIS  ; On                                     ; Off                                  ; --          ; --         ;
; MAX_CORE_JUNCTION_TEMP              ; 85                                     ; --                                   ; --          ; --         ;
; MIN_CORE_JUNCTION_TEMP              ; 0                                      ; --                                   ; --          ; --         ;
; MISC_FILE                           ; ADC_corrector.bsf                      ; --                                   ; --          ; --         ;
; MISC_FILE                           ; SECOND_PLL.bsf                         ; --                                   ; --          ; --         ;
; MISC_FILE                           ; SECOND_PLL.ppf                         ; --                                   ; --          ; --         ;
; MISC_FILE                           ; pll.bsf                                ; --                                   ; --          ; --         ;
; MISC_FILE                           ; pll.ppf                                ; --                                   ; --          ; --         ;
; MISC_FILE                           ; mixer.bsf                              ; --                                   ; --          ; --         ;
; MISC_FILE                           ; mux16.bsf                              ; --                                   ; --          ; --         ;
; MISC_FILE                           ; tx_mixer.bsf                           ; --                                   ; --          ; --         ;
; MISC_FILE                           ; tx_summator.bsf                        ; --                                   ; --          ; --         ;
; MISC_FILE                           ; DAC_corrector.bsf                      ; --                                   ; --          ; --         ;
; MISC_FILE                           ; MAIN_PLL.bsf                           ; --                                   ; --          ; --         ;
; MISC_FILE                           ; MAIN_PLL.ppf                           ; --                                   ; --          ; --         ;
; MISC_FILE                           ; mux14.bsf                              ; --                                   ; --          ; --         ;
; NUM_PARALLEL_PROCESSORS             ; All                                    ; --                                   ; --          ; --         ;
; OCP_HW_EVAL                         ; Disable                                ; Enable                               ; --          ; --         ;
; OUTPUT_IO_TIMING_FAR_END_VMEAS      ; Half Signal Swing                      ; --                                   ; --          ; --         ;
; OUTPUT_IO_TIMING_FAR_END_VMEAS      ; Half Signal Swing                      ; --                                   ; --          ; --         ;
; OUTPUT_IO_TIMING_NEAR_END_VMEAS     ; Half Vccio                             ; --                                   ; --          ; --         ;
; OUTPUT_IO_TIMING_NEAR_END_VMEAS     ; Half Vccio                             ; --                                   ; --          ; --         ;
; PARTITION_COLOR                     ; -- (Not supported for targeted family) ; --                                   ; --          ; Top        ;
; PARTITION_FITTER_PRESERVATION_LEVEL ; -- (Not supported for targeted family) ; --                                   ; --          ; Top        ;
; PARTITION_NETLIST_TYPE              ; -- (Not supported for targeted family) ; --                                   ; --          ; Top        ;
; POWER_BOARD_THERMAL_MODEL           ; None (CONSERVATIVE)                    ; --                                   ; --          ; --         ;
; POWER_PRESET_COOLING_SOLUTION       ; 23 MM HEAT SINK WITH 200 LFPM AIRFLOW  ; --                                   ; --          ; --         ;
; PROJECT_IP_REGENERATION_POLICY      ; ALWAYS_REGENERATE_IP                   ; SKIP_REGENERATING_IP_IF_HDL_MODIFIED ; --          ; --         ;
; PROJECT_OUTPUT_DIRECTORY            ; output_files                           ; --                                   ; --          ; --         ;
; SAVE_DISK_SPACE                     ; Off                                    ; On                                   ; --          ; --         ;
; SMART_RECOMPILE                     ; On                                     ; Off                                  ; --          ; --         ;
; USE_LOGIC_ANALYZER_INTERFACE_FILE   ; debugger1.lai                          ; --                                   ; --          ; --         ;
; USE_SIGNALTAP_FILE                  ; stp1.stp                               ; --                                   ; --          ; --         ;
+-------------------------------------+----------------------------------------+--------------------------------------+-------------+------------+


+-------------------------------------------------------------------------------------------------------------------------------+
; Flow Elapsed Time                                                                                                             ;
+---------------------------+--------------+-------------------------+---------------------+------------------------------------+
; Module Name               ; Elapsed Time ; Average Processors Used ; Peak Virtual Memory ; Total CPU Time (on all processors) ;
+---------------------------+--------------+-------------------------+---------------------+------------------------------------+
; Analysis & Synthesis      ; 00:01:30     ; 1.0                     ; 4962 MB             ; 00:02:39                           ;
; Partition Merge           ; 00:00:02     ; 1.0                     ; 4719 MB             ; 00:00:03                           ;
; I/O Assignment Analysis   ; 00:00:10     ; 1.0                     ; 4951 MB             ; 00:00:11                           ;
; Fitter                    ; 00:00:36     ; 1.2                     ; 5703 MB             ; 00:00:56                           ;
; Assembler                 ; 00:00:05     ; 1.0                     ; 4728 MB             ; 00:00:04                           ;
; TimeQuest Timing Analyzer ; 00:00:06     ; 1.4                     ; 4889 MB             ; 00:00:08                           ;
; Analysis & Synthesis      ; 00:01:00     ; 1.0                     ; 4914 MB             ; 00:01:57                           ;
; Analysis & Synthesis      ; 00:02:44     ; 1.1                     ; 4946 MB             ; 00:05:29                           ;
; Partition Merge           ; 00:00:03     ; 1.0                     ; 4740 MB             ; 00:00:03                           ;
; I/O Assignment Analysis   ; 00:00:12     ; 1.0                     ; 4965 MB             ; 00:00:12                           ;
; Fitter                    ; 00:00:39     ; 1.2                     ; 5764 MB             ; 00:00:54                           ;
; Assembler                 ; 00:00:05     ; 1.0                     ; 4734 MB             ; 00:00:04                           ;
; TimeQuest Timing Analyzer ; 00:00:07     ; 1.5                     ; 4907 MB             ; 00:00:09                           ;
; Analysis & Synthesis      ; 00:02:53     ; 1.0                     ; 5007 MB             ; 00:05:48                           ;
; Partition Merge           ; 00:00:03     ; 1.0                     ; 4733 MB             ; 00:00:03                           ;
; I/O Assignment Analysis   ; 00:00:12     ; 1.0                     ; 4964 MB             ; 00:00:13                           ;
; Fitter                    ; 00:00:39     ; 1.2                     ; 5764 MB             ; 00:00:59                           ;
; Assembler                 ; 00:00:05     ; 1.0                     ; 4735 MB             ; 00:00:05                           ;
; TimeQuest Timing Analyzer ; 00:00:12     ; 1.3                     ; 4903 MB             ; 00:00:09                           ;
; Analysis & Synthesis      ; 00:02:43     ; 1.0                     ; 5007 MB             ; 00:05:27                           ;
; Partition Merge           ; 00:00:02     ; 1.0                     ; 4733 MB             ; 00:00:03                           ;
; I/O Assignment Analysis   ; 00:00:11     ; 1.0                     ; 4965 MB             ; 00:00:12                           ;
; Fitter                    ; 00:00:36     ; 1.2                     ; 5714 MB             ; 00:00:54                           ;
; Assembler                 ; 00:00:04     ; 1.0                     ; 4734 MB             ; 00:00:05                           ;
; TimeQuest Timing Analyzer ; 00:00:12     ; 1.3                     ; 4905 MB             ; 00:00:09                           ;
; Partition Merge           ; 00:00:04     ; 1.0                     ; 4771 MB             ; 00:00:04                           ;
; I/O Assignment Analysis   ; 00:00:11     ; 1.0                     ; 4985 MB             ; 00:00:11                           ;
; Fitter                    ; 00:00:12     ; 1.0                     ; 5018 MB             ; 00:00:13                           ;
; Fitter                    ; 00:00:12     ; 1.0                     ; 5018 MB             ; 00:00:12                           ;
; Fitter                    ; 00:00:13     ; 1.0                     ; 5016 MB             ; 00:00:13                           ;
; Fitter                    ; 00:00:13     ; 1.0                     ; 5016 MB             ; 00:00:13                           ;
; Fitter                    ; 00:00:23     ; 1.1                     ; 5625 MB             ; 00:00:28                           ;
; Assembler                 ; 00:00:05     ; 1.0                     ; 4734 MB             ; 00:00:05                           ;
; TimeQuest Timing Analyzer ; 00:00:08     ; 1.5                     ; 4907 MB             ; 00:00:10                           ;
; Analysis & Synthesis      ; 00:02:52     ; 1.0                     ; 5008 MB             ; 00:05:41                           ;
; Partition Merge           ; 00:00:03     ; 1.0                     ; 4735 MB             ; 00:00:03                           ;
; I/O Assignment Analysis   ; 00:00:12     ; 1.0                     ; 4985 MB             ; 00:00:13                           ;
; Fitter                    ; 00:00:39     ; 1.2                     ; 5791 MB             ; 00:00:57                           ;
; Assembler                 ; 00:00:05     ; 1.0                     ; 4736 MB             ; 00:00:05                           ;
; TimeQuest Timing Analyzer ; 00:00:09     ; 1.4                     ; 4904 MB             ; 00:00:10                           ;
; Analysis & Synthesis      ; 00:02:56     ; 1.0                     ; 5008 MB             ; 00:05:49                           ;
; Partition Merge           ; 00:00:03     ; 1.0                     ; 4733 MB             ; 00:00:03                           ;
; I/O Assignment Analysis   ; 00:00:12     ; 1.0                     ; 4981 MB             ; 00:00:13                           ;
; Fitter                    ; 00:00:39     ; 1.2                     ; 5791 MB             ; 00:00:57                           ;
; Assembler                 ; 00:00:05     ; 1.0                     ; 4737 MB             ; 00:00:05                           ;
; TimeQuest Timing Analyzer ; 00:00:08     ; 1.5                     ; 4907 MB             ; 00:00:09                           ;
; Analysis & Synthesis      ; 00:02:43     ; 1.0                     ; 5008 MB             ; 00:05:23                           ;
; Partition Merge           ; 00:00:03     ; 1.0                     ; 4733 MB             ; 00:00:03                           ;
; I/O Assignment Analysis   ; 00:00:12     ; 1.0                     ; 4983 MB             ; 00:00:13                           ;
; Fitter                    ; 00:00:39     ; 1.2                     ; 5836 MB             ; 00:00:58                           ;
; Assembler                 ; 00:00:05     ; 1.0                     ; 4734 MB             ; 00:00:05                           ;
; TimeQuest Timing Analyzer ; 00:00:12     ; 1.3                     ; 4906 MB             ; 00:00:09                           ;
; Partition Merge           ; 00:00:03     ; 1.0                     ; 4774 MB             ; 00:00:04                           ;
; I/O Assignment Analysis   ; 00:00:15     ; 1.0                     ; 5013 MB             ; 00:00:16                           ;
; Fitter                    ; 00:00:23     ; 1.1                     ; 5635 MB             ; 00:00:27                           ;
; Assembler                 ; 00:00:05     ; 1.0                     ; 4733 MB             ; 00:00:04                           ;
; TimeQuest Timing Analyzer ; 00:00:12     ; 1.3                     ; 4906 MB             ; 00:00:09                           ;
; Analysis & Synthesis      ; 00:03:02     ; 1.1                     ; 4955 MB             ; 00:06:03                           ;
; Partition Merge           ; 00:00:03     ; 1.0                     ; 4739 MB             ; 00:00:03                           ;
; I/O Assignment Analysis   ; 00:00:12     ; 1.0                     ; 4981 MB             ; 00:00:12                           ;
; Fitter                    ; 00:00:45     ; 1.2                     ; 5802 MB             ; 00:01:09                           ;
; Assembler                 ; 00:00:05     ; 1.0                     ; 4732 MB             ; 00:00:05                           ;
; TimeQuest Timing Analyzer ; 00:00:08     ; 1.5                     ; 4907 MB             ; 00:00:10                           ;
; Analysis & Synthesis      ; 00:03:01     ; 1.2                     ; 4955 MB             ; 00:05:57                           ;
; Partition Merge           ; 00:00:03     ; 1.0                     ; 4735 MB             ; 00:00:04                           ;
; I/O Assignment Analysis   ; 00:00:12     ; 1.0                     ; 4982 MB             ; 00:00:12                           ;
; Fitter                    ; 00:00:40     ; 1.2                     ; 5788 MB             ; 00:00:59                           ;
; Assembler                 ; 00:00:06     ; 1.0                     ; 4730 MB             ; 00:00:05                           ;
; TimeQuest Timing Analyzer ; 00:00:08     ; 1.4                     ; 4900 MB             ; 00:00:10                           ;
; Analysis & Synthesis      ; 00:03:03     ; 1.2                     ; 4957 MB             ; 00:05:58                           ;
; Partition Merge           ; 00:00:04     ; 1.0                     ; 4741 MB             ; 00:00:04                           ;
; I/O Assignment Analysis   ; 00:00:13     ; 1.0                     ; 4984 MB             ; 00:00:13                           ;
; Fitter                    ; 00:00:43     ; 1.2                     ; 5804 MB             ; 00:01:05                           ;
; Assembler                 ; 00:00:05     ; 1.0                     ; 4733 MB             ; 00:00:05                           ;
; TimeQuest Timing Analyzer ; 00:00:12     ; 1.3                     ; 4909 MB             ; 00:00:10                           ;
; Analysis & Synthesis      ; 00:03:05     ; 1.2                     ; 4956 MB             ; 00:06:08                           ;
; Partition Merge           ; 00:00:03     ; 1.0                     ; 4739 MB             ; 00:00:03                           ;
; I/O Assignment Analysis   ; 00:00:12     ; 1.0                     ; 4983 MB             ; 00:00:12                           ;
; Fitter                    ; 00:00:40     ; 1.2                     ; 5787 MB             ; 00:00:58                           ;
; Assembler                 ; 00:00:05     ; 1.0                     ; 4732 MB             ; 00:00:05                           ;
; TimeQuest Timing Analyzer ; 00:00:10     ; 1.4                     ; 4903 MB             ; 00:00:10                           ;
; Partition Merge           ; 00:00:04     ; 1.0                     ; 4774 MB             ; 00:00:04                           ;
; I/O Assignment Analysis   ; 00:00:11     ; 1.0                     ; 4989 MB             ; 00:00:11                           ;
; Fitter                    ; 00:00:11     ; 1.0                     ; 5015 MB             ; 00:00:12                           ;
; Fitter                    ; 00:00:23     ; 1.1                     ; 5616 MB             ; 00:00:28                           ;
; Assembler                 ; 00:00:05     ; 1.0                     ; 4733 MB             ; 00:00:05                           ;
; TimeQuest Timing Analyzer ; 00:00:16     ; 1.2                     ; 4901 MB             ; 00:00:09                           ;
; Fitter                    ; 00:00:12     ; 1.0                     ; 5017 MB             ; 00:00:13                           ;
; Fitter                    ; 00:00:11     ; 1.0                     ; 5016 MB             ; 00:00:12                           ;
; Fitter                    ; 00:00:10     ; 1.0                     ; 4972 MB             ; 00:00:10                           ;
; Fitter                    ; 00:00:12     ; 1.0                     ; 5016 MB             ; 00:00:12                           ;
; Fitter                    ; 00:00:10     ; 1.0                     ; 4975 MB             ; 00:00:10                           ;
; Fitter                    ; 00:00:24     ; 1.1                     ; 5621 MB             ; 00:00:28                           ;
; Assembler                 ; 00:00:05     ; 1.0                     ; 4733 MB             ; 00:00:05                           ;
; TimeQuest Timing Analyzer ; 00:00:09     ; 1.4                     ; 4904 MB             ; 00:00:10                           ;
; Analysis & Synthesis      ; 00:02:33     ; 1.0                     ; 4952 MB             ; 00:05:30                           ;
; Partition Merge           ; 00:00:04     ; 1.0                     ; 4772 MB             ; 00:00:04                           ;
; I/O Assignment Analysis   ; 00:00:15     ; 1.0                     ; 5009 MB             ; 00:00:15                           ;
; Fitter                    ; 00:00:24     ; 1.1                     ; 5625 MB             ; 00:00:29                           ;
; Assembler                 ; 00:00:05     ; 1.0                     ; 4734 MB             ; 00:00:05                           ;
; TimeQuest Timing Analyzer ; 00:00:07     ; 1.2                     ; 4883 MB             ; 00:00:07                           ;
; Analysis & Synthesis      ; 00:02:34     ; 1.0                     ; 4956 MB             ; 00:05:33                           ;
; Partition Merge           ; 00:00:04     ; 1.0                     ; 4777 MB             ; 00:00:04                           ;
; I/O Assignment Analysis   ; 00:00:15     ; 1.0                     ; 5009 MB             ; 00:00:16                           ;
; Fitter                    ; 00:00:24     ; 1.1                     ; 5617 MB             ; 00:00:28                           ;
; Assembler                 ; 00:00:05     ; 1.0                     ; 4733 MB             ; 00:00:05                           ;
; TimeQuest Timing Analyzer ; 00:00:11     ; 1.3                     ; 4904 MB             ; 00:00:10                           ;
; Analysis & Synthesis      ; 00:02:31     ; 1.0                     ; 4947 MB             ; 00:05:25                           ;
; Partition Merge           ; 00:00:04     ; 1.0                     ; 4771 MB             ; 00:00:04                           ;
; I/O Assignment Analysis   ; 00:00:14     ; 1.0                     ; 5009 MB             ; 00:00:15                           ;
; Fitter                    ; 00:00:24     ; 1.1                     ; 5623 MB             ; 00:00:28                           ;
; Assembler                 ; 00:00:05     ; 1.0                     ; 4734 MB             ; 00:00:05                           ;
; TimeQuest Timing Analyzer ; 00:00:10     ; 1.3                     ; 4899 MB             ; 00:00:11                           ;
; Analysis & Synthesis      ; 00:02:31     ; 1.0                     ; 4954 MB             ; 00:05:16                           ;
; Partition Merge           ; 00:00:04     ; 1.0                     ; 4773 MB             ; 00:00:04                           ;
; I/O Assignment Analysis   ; 00:00:15     ; 1.0                     ; 5011 MB             ; 00:00:16                           ;
; Fitter                    ; 00:00:25     ; 1.1                     ; 5626 MB             ; 00:00:30                           ;
; Assembler                 ; 00:00:05     ; 1.0                     ; 4733 MB             ; 00:00:05                           ;
; TimeQuest Timing Analyzer ; 00:00:11     ; 1.4                     ; 4899 MB             ; 00:00:12                           ;
; Analysis & Synthesis      ; 00:02:34     ; 1.0                     ; 4945 MB             ; 00:05:41                           ;
; Partition Merge           ; 00:00:03     ; 1.0                     ; 4771 MB             ; 00:00:04                           ;
; I/O Assignment Analysis   ; 00:00:15     ; 1.0                     ; 5008 MB             ; 00:00:16                           ;
; Fitter                    ; 00:00:26     ; 1.1                     ; 5623 MB             ; 00:00:30                           ;
; Assembler                 ; 00:00:05     ; 1.0                     ; 4732 MB             ; 00:00:05                           ;
; TimeQuest Timing Analyzer ; 00:00:09     ; 1.4                     ; 4899 MB             ; 00:00:11                           ;
; Analysis & Synthesis      ; 00:02:30     ; 1.0                     ; 4956 MB             ; 00:05:22                           ;
; Partition Merge           ; 00:00:04     ; 1.0                     ; 4775 MB             ; 00:00:04                           ;
; I/O Assignment Analysis   ; 00:00:15     ; 1.0                     ; 5008 MB             ; 00:00:16                           ;
; Fitter                    ; 00:00:24     ; 1.1                     ; 5616 MB             ; 00:00:29                           ;
; Assembler                 ; 00:00:05     ; 1.0                     ; 4735 MB             ; 00:00:05                           ;
; TimeQuest Timing Analyzer ; 00:00:10     ; 1.4                     ; 4900 MB             ; 00:00:11                           ;
; Analysis & Synthesis      ; 00:01:50     ; 1.0                     ; 4840 MB             ; 00:04:30                           ;
; Analysis & Synthesis      ; 00:03:07     ; 1.0                     ; 5015 MB             ; 00:05:58                           ;
; Partition Merge           ; 00:00:03     ; 1.0                     ; 4739 MB             ; 00:00:04                           ;
; I/O Assignment Analysis   ; 00:00:12     ; 1.0                     ; 4987 MB             ; 00:00:13                           ;
; Fitter                    ; 00:02:09     ; 1.1                     ; 5842 MB             ; 00:04:38                           ;
; Assembler                 ; 00:00:06     ; 1.0                     ; 4736 MB             ; 00:00:05                           ;
; TimeQuest Timing Analyzer ; 00:00:10     ; 1.4                     ; 4923 MB             ; 00:00:12                           ;
; Analysis & Synthesis      ; 00:03:08     ; 1.0                     ; 5020 MB             ; 00:06:07                           ;
; Partition Merge           ; 00:00:04     ; 1.0                     ; 4738 MB             ; 00:00:04                           ;
; I/O Assignment Analysis   ; 00:00:13     ; 1.0                     ; 4985 MB             ; 00:00:13                           ;
; Fitter                    ; 00:02:04     ; 1.1                     ; 5861 MB             ; 00:04:22                           ;
; Assembler                 ; 00:00:06     ; 1.0                     ; 4735 MB             ; 00:00:06                           ;
; TimeQuest Timing Analyzer ; 00:00:11     ; 1.4                     ; 4921 MB             ; 00:00:13                           ;
; Analysis & Synthesis      ; 00:03:07     ; 1.0                     ; 5027 MB             ; 00:06:03                           ;
; Partition Merge           ; 00:00:04     ; 1.0                     ; 4738 MB             ; 00:00:04                           ;
; I/O Assignment Analysis   ; 00:00:13     ; 1.0                     ; 4987 MB             ; 00:00:13                           ;
; Fitter                    ; 00:02:07     ; 1.1                     ; 5858 MB             ; 00:04:34                           ;
; Assembler                 ; 00:00:06     ; 1.0                     ; 4736 MB             ; 00:00:05                           ;
; TimeQuest Timing Analyzer ; 00:00:10     ; 1.4                     ; 4919 MB             ; 00:00:12                           ;
; Fitter                    ; 00:02:12     ; 1.1                     ; 5851 MB             ; 00:04:47                           ;
; Assembler                 ; 00:00:05     ; 1.0                     ; 4738 MB             ; 00:00:05                           ;
; Analysis & Synthesis      ; 00:02:35     ; 1.0                     ; 4954 MB             ; 00:05:31                           ;
; Partition Merge           ; 00:00:04     ; 1.0                     ; 4784 MB             ; 00:00:04                           ;
; I/O Assignment Analysis   ; 00:00:13     ; 1.0                     ; 4997 MB             ; 00:00:13                           ;
; Fitter                    ; 00:00:13     ; 1.0                     ; 5033 MB             ; 00:00:14                           ;
; Analysis & Synthesis      ; 00:03:10     ; 1.0                     ; 5025 MB             ; 00:06:01                           ;
; Partition Merge           ; 00:00:04     ; 1.0                     ; 4740 MB             ; 00:00:04                           ;
; I/O Assignment Analysis   ; 00:00:13     ; 1.0                     ; 4989 MB             ; 00:00:13                           ;
; Fitter                    ; 00:02:10     ; 1.1                     ; 5859 MB             ; 00:04:39                           ;
; Assembler                 ; 00:00:05     ; 1.0                     ; 4737 MB             ; 00:00:05                           ;
; TimeQuest Timing Analyzer ; 00:00:10     ; 1.4                     ; 4912 MB             ; 00:00:11                           ;
; Analysis & Synthesis      ; 00:03:07     ; 1.0                     ; 5031 MB             ; 00:05:57                           ;
; Partition Merge           ; 00:00:03     ; 1.0                     ; 4739 MB             ; 00:00:04                           ;
; I/O Assignment Analysis   ; 00:00:13     ; 1.0                     ; 4991 MB             ; 00:00:13                           ;
; Fitter                    ; 00:02:09     ; 1.1                     ; 5871 MB             ; 00:04:38                           ;
; Assembler                 ; 00:00:06     ; 1.0                     ; 4736 MB             ; 00:00:05                           ;
; TimeQuest Timing Analyzer ; 00:00:09     ; 1.4                     ; 4916 MB             ; 00:00:11                           ;
; Analysis & Synthesis      ; 00:03:12     ; 1.0                     ; 5025 MB             ; 00:06:13                           ;
; Partition Merge           ; 00:00:03     ; 1.0                     ; 4740 MB             ; 00:00:04                           ;
; I/O Assignment Analysis   ; 00:00:13     ; 1.0                     ; 4989 MB             ; 00:00:13                           ;
; Fitter                    ; 00:02:04     ; 1.1                     ; 5865 MB             ; 00:04:27                           ;
; Assembler                 ; 00:00:05     ; 1.0                     ; 4736 MB             ; 00:00:05                           ;
; TimeQuest Timing Analyzer ; 00:00:09     ; 1.4                     ; 4918 MB             ; 00:00:11                           ;
; Analysis & Synthesis      ; 00:03:15     ; 1.0                     ; 5012 MB             ; 00:06:23                           ;
; Partition Merge           ; 00:00:04     ; 1.0                     ; 4740 MB             ; 00:00:04                           ;
; I/O Assignment Analysis   ; 00:00:12     ; 1.0                     ; 4989 MB             ; 00:00:13                           ;
; Fitter                    ; 00:02:04     ; 1.1                     ; 5853 MB             ; 00:04:25                           ;
; Assembler                 ; 00:00:05     ; 1.0                     ; 4737 MB             ; 00:00:05                           ;
; TimeQuest Timing Analyzer ; 00:00:10     ; 1.4                     ; 4918 MB             ; 00:00:12                           ;
; Total                     ; 01:58:17     ; --                      ; --                  ; 03:37:07                           ;
+---------------------------+--------------+-------------------------+---------------------+------------------------------------+


+-----------------------------------------------------------------------------------------+
; Flow OS Summary                                                                         ;
+---------------------------+------------------+------------+------------+----------------+
; Module Name               ; Machine Hostname ; OS Name    ; OS Version ; Processor type ;
+---------------------------+------------------+------------+------------+----------------+
; Analysis & Synthesis      ; GUDRON-DESKTOP   ; Windows 10 ; 10.0       ; x86_64         ;
; Partition Merge           ; GUDRON-DESKTOP   ; Windows 10 ; 10.0       ; x86_64         ;
; I/O Assignment Analysis   ; GUDRON-DESKTOP   ; Windows 10 ; 10.0       ; x86_64         ;
; Fitter                    ; GUDRON-DESKTOP   ; Windows 10 ; 10.0       ; x86_64         ;
; Assembler                 ; GUDRON-DESKTOP   ; Windows 10 ; 10.0       ; x86_64         ;
; TimeQuest Timing Analyzer ; GUDRON-DESKTOP   ; Windows 10 ; 10.0       ; x86_64         ;
; Analysis & Synthesis      ; GUDRON-DESKTOP   ; Windows 10 ; 10.0       ; x86_64         ;
; Analysis & Synthesis      ; GUDRON-DESKTOP   ; Windows 10 ; 10.0       ; x86_64         ;
; Partition Merge           ; GUDRON-DESKTOP   ; Windows 10 ; 10.0       ; x86_64         ;
; I/O Assignment Analysis   ; GUDRON-DESKTOP   ; Windows 10 ; 10.0       ; x86_64         ;
; Fitter                    ; GUDRON-DESKTOP   ; Windows 10 ; 10.0       ; x86_64         ;
; Assembler                 ; GUDRON-DESKTOP   ; Windows 10 ; 10.0       ; x86_64         ;
; TimeQuest Timing Analyzer ; GUDRON-DESKTOP   ; Windows 10 ; 10.0       ; x86_64         ;
; Analysis & Synthesis      ; GUDRON-DESKTOP   ; Windows 10 ; 10.0       ; x86_64         ;
; Partition Merge           ; GUDRON-DESKTOP   ; Windows 10 ; 10.0       ; x86_64         ;
; I/O Assignment Analysis   ; GUDRON-DESKTOP   ; Windows 10 ; 10.0       ; x86_64         ;
; Fitter                    ; GUDRON-DESKTOP   ; Windows 10 ; 10.0       ; x86_64         ;
; Assembler                 ; GUDRON-DESKTOP   ; Windows 10 ; 10.0       ; x86_64         ;
; TimeQuest Timing Analyzer ; GUDRON-DESKTOP   ; Windows 10 ; 10.0       ; x86_64         ;
; Analysis & Synthesis      ; GUDRON-DESKTOP   ; Windows 10 ; 10.0       ; x86_64         ;
; Partition Merge           ; GUDRON-DESKTOP   ; Windows 10 ; 10.0       ; x86_64         ;
; I/O Assignment Analysis   ; GUDRON-DESKTOP   ; Windows 10 ; 10.0       ; x86_64         ;
; Fitter                    ; GUDRON-DESKTOP   ; Windows 10 ; 10.0       ; x86_64         ;
; Assembler                 ; GUDRON-DESKTOP   ; Windows 10 ; 10.0       ; x86_64         ;
; TimeQuest Timing Analyzer ; GUDRON-DESKTOP   ; Windows 10 ; 10.0       ; x86_64         ;
; Partition Merge           ; GUDRON-DESKTOP   ; Windows 10 ; 10.0       ; x86_64         ;
; I/O Assignment Analysis   ; GUDRON-DESKTOP   ; Windows 10 ; 10.0       ; x86_64         ;
; Fitter                    ; GUDRON-DESKTOP   ; Windows 10 ; 10.0       ; x86_64         ;
; Fitter                    ; GUDRON-DESKTOP   ; Windows 10 ; 10.0       ; x86_64         ;
; Fitter                    ; GUDRON-DESKTOP   ; Windows 10 ; 10.0       ; x86_64         ;
; Fitter                    ; GUDRON-DESKTOP   ; Windows 10 ; 10.0       ; x86_64         ;
; Fitter                    ; GUDRON-DESKTOP   ; Windows 10 ; 10.0       ; x86_64         ;
; Assembler                 ; GUDRON-DESKTOP   ; Windows 10 ; 10.0       ; x86_64         ;
; TimeQuest Timing Analyzer ; GUDRON-DESKTOP   ; Windows 10 ; 10.0       ; x86_64         ;
; Analysis & Synthesis      ; GUDRON-DESKTOP   ; Windows 10 ; 10.0       ; x86_64         ;
; Partition Merge           ; GUDRON-DESKTOP   ; Windows 10 ; 10.0       ; x86_64         ;
; I/O Assignment Analysis   ; GUDRON-DESKTOP   ; Windows 10 ; 10.0       ; x86_64         ;
; Fitter                    ; GUDRON-DESKTOP   ; Windows 10 ; 10.0       ; x86_64         ;
; Assembler                 ; GUDRON-DESKTOP   ; Windows 10 ; 10.0       ; x86_64         ;
; TimeQuest Timing Analyzer ; GUDRON-DESKTOP   ; Windows 10 ; 10.0       ; x86_64         ;
; Analysis & Synthesis      ; GUDRON-DESKTOP   ; Windows 10 ; 10.0       ; x86_64         ;
; Partition Merge           ; GUDRON-DESKTOP   ; Windows 10 ; 10.0       ; x86_64         ;
; I/O Assignment Analysis   ; GUDRON-DESKTOP   ; Windows 10 ; 10.0       ; x86_64         ;
; Fitter                    ; GUDRON-DESKTOP   ; Windows 10 ; 10.0       ; x86_64         ;
; Assembler                 ; GUDRON-DESKTOP   ; Windows 10 ; 10.0       ; x86_64         ;
; TimeQuest Timing Analyzer ; GUDRON-DESKTOP   ; Windows 10 ; 10.0       ; x86_64         ;
; Analysis & Synthesis      ; GUDRON-DESKTOP   ; Windows 10 ; 10.0       ; x86_64         ;
; Partition Merge           ; GUDRON-DESKTOP   ; Windows 10 ; 10.0       ; x86_64         ;
; I/O Assignment Analysis   ; GUDRON-DESKTOP   ; Windows 10 ; 10.0       ; x86_64         ;
; Fitter                    ; GUDRON-DESKTOP   ; Windows 10 ; 10.0       ; x86_64         ;
; Assembler                 ; GUDRON-DESKTOP   ; Windows 10 ; 10.0       ; x86_64         ;
; TimeQuest Timing Analyzer ; GUDRON-DESKTOP   ; Windows 10 ; 10.0       ; x86_64         ;
; Partition Merge           ; GUDRON-DESKTOP   ; Windows 10 ; 10.0       ; x86_64         ;
; I/O Assignment Analysis   ; GUDRON-DESKTOP   ; Windows 10 ; 10.0       ; x86_64         ;
; Fitter                    ; GUDRON-DESKTOP   ; Windows 10 ; 10.0       ; x86_64         ;
; Assembler                 ; GUDRON-DESKTOP   ; Windows 10 ; 10.0       ; x86_64         ;
; TimeQuest Timing Analyzer ; GUDRON-DESKTOP   ; Windows 10 ; 10.0       ; x86_64         ;
; Analysis & Synthesis      ; GUDRON-DESKTOP   ; Windows 10 ; 10.0       ; x86_64         ;
; Partition Merge           ; GUDRON-DESKTOP   ; Windows 10 ; 10.0       ; x86_64         ;
; I/O Assignment Analysis   ; GUDRON-DESKTOP   ; Windows 10 ; 10.0       ; x86_64         ;
; Fitter                    ; GUDRON-DESKTOP   ; Windows 10 ; 10.0       ; x86_64         ;
; Assembler                 ; GUDRON-DESKTOP   ; Windows 10 ; 10.0       ; x86_64         ;
; TimeQuest Timing Analyzer ; GUDRON-DESKTOP   ; Windows 10 ; 10.0       ; x86_64         ;
; Analysis & Synthesis      ; GUDRON-DESKTOP   ; Windows 10 ; 10.0       ; x86_64         ;
; Partition Merge           ; GUDRON-DESKTOP   ; Windows 10 ; 10.0       ; x86_64         ;
; I/O Assignment Analysis   ; GUDRON-DESKTOP   ; Windows 10 ; 10.0       ; x86_64         ;
; Fitter                    ; GUDRON-DESKTOP   ; Windows 10 ; 10.0       ; x86_64         ;
; Assembler                 ; GUDRON-DESKTOP   ; Windows 10 ; 10.0       ; x86_64         ;
; TimeQuest Timing Analyzer ; GUDRON-DESKTOP   ; Windows 10 ; 10.0       ; x86_64         ;
; Analysis & Synthesis      ; GUDRON-DESKTOP   ; Windows 10 ; 10.0       ; x86_64         ;
; Partition Merge           ; GUDRON-DESKTOP   ; Windows 10 ; 10.0       ; x86_64         ;
; I/O Assignment Analysis   ; GUDRON-DESKTOP   ; Windows 10 ; 10.0       ; x86_64         ;
; Fitter                    ; GUDRON-DESKTOP   ; Windows 10 ; 10.0       ; x86_64         ;
; Assembler                 ; GUDRON-DESKTOP   ; Windows 10 ; 10.0       ; x86_64         ;
; TimeQuest Timing Analyzer ; GUDRON-DESKTOP   ; Windows 10 ; 10.0       ; x86_64         ;
; Analysis & Synthesis      ; GUDRON-DESKTOP   ; Windows 10 ; 10.0       ; x86_64         ;
; Partition Merge           ; GUDRON-DESKTOP   ; Windows 10 ; 10.0       ; x86_64         ;
; I/O Assignment Analysis   ; GUDRON-DESKTOP   ; Windows 10 ; 10.0       ; x86_64         ;
; Fitter                    ; GUDRON-DESKTOP   ; Windows 10 ; 10.0       ; x86_64         ;
; Assembler                 ; GUDRON-DESKTOP   ; Windows 10 ; 10.0       ; x86_64         ;
; TimeQuest Timing Analyzer ; GUDRON-DESKTOP   ; Windows 10 ; 10.0       ; x86_64         ;
; Partition Merge           ; GUDRON-DESKTOP   ; Windows 10 ; 10.0       ; x86_64         ;
; I/O Assignment Analysis   ; GUDRON-DESKTOP   ; Windows 10 ; 10.0       ; x86_64         ;
; Fitter                    ; GUDRON-DESKTOP   ; Windows 10 ; 10.0       ; x86_64         ;
; Fitter                    ; GUDRON-DESKTOP   ; Windows 10 ; 10.0       ; x86_64         ;
; Assembler                 ; GUDRON-DESKTOP   ; Windows 10 ; 10.0       ; x86_64         ;
; TimeQuest Timing Analyzer ; GUDRON-DESKTOP   ; Windows 10 ; 10.0       ; x86_64         ;
; Fitter                    ; GUDRON-DESKTOP   ; Windows 10 ; 10.0       ; x86_64         ;
; Fitter                    ; GUDRON-DESKTOP   ; Windows 10 ; 10.0       ; x86_64         ;
; Fitter                    ; GUDRON-DESKTOP   ; Windows 10 ; 10.0       ; x86_64         ;
; Fitter                    ; GUDRON-DESKTOP   ; Windows 10 ; 10.0       ; x86_64         ;
; Fitter                    ; GUDRON-DESKTOP   ; Windows 10 ; 10.0       ; x86_64         ;
; Fitter                    ; GUDRON-DESKTOP   ; Windows 10 ; 10.0       ; x86_64         ;
; Assembler                 ; GUDRON-DESKTOP   ; Windows 10 ; 10.0       ; x86_64         ;
; TimeQuest Timing Analyzer ; GUDRON-DESKTOP   ; Windows 10 ; 10.0       ; x86_64         ;
; Analysis & Synthesis      ; GUDRON-DESKTOP   ; Windows 10 ; 10.0       ; x86_64         ;
; Partition Merge           ; GUDRON-DESKTOP   ; Windows 10 ; 10.0       ; x86_64         ;
; I/O Assignment Analysis   ; GUDRON-DESKTOP   ; Windows 10 ; 10.0       ; x86_64         ;
; Fitter                    ; GUDRON-DESKTOP   ; Windows 10 ; 10.0       ; x86_64         ;
; Assembler                 ; GUDRON-DESKTOP   ; Windows 10 ; 10.0       ; x86_64         ;
; TimeQuest Timing Analyzer ; GUDRON-DESKTOP   ; Windows 10 ; 10.0       ; x86_64         ;
; Analysis & Synthesis      ; GUDRON-DESKTOP   ; Windows 10 ; 10.0       ; x86_64         ;
; Partition Merge           ; GUDRON-DESKTOP   ; Windows 10 ; 10.0       ; x86_64         ;
; I/O Assignment Analysis   ; GUDRON-DESKTOP   ; Windows 10 ; 10.0       ; x86_64         ;
; Fitter                    ; GUDRON-DESKTOP   ; Windows 10 ; 10.0       ; x86_64         ;
; Assembler                 ; GUDRON-DESKTOP   ; Windows 10 ; 10.0       ; x86_64         ;
; TimeQuest Timing Analyzer ; GUDRON-DESKTOP   ; Windows 10 ; 10.0       ; x86_64         ;
; Analysis & Synthesis      ; GUDRON-DESKTOP   ; Windows 10 ; 10.0       ; x86_64         ;
; Partition Merge           ; GUDRON-DESKTOP   ; Windows 10 ; 10.0       ; x86_64         ;
; I/O Assignment Analysis   ; GUDRON-DESKTOP   ; Windows 10 ; 10.0       ; x86_64         ;
; Fitter                    ; GUDRON-DESKTOP   ; Windows 10 ; 10.0       ; x86_64         ;
; Assembler                 ; GUDRON-DESKTOP   ; Windows 10 ; 10.0       ; x86_64         ;
; TimeQuest Timing Analyzer ; GUDRON-DESKTOP   ; Windows 10 ; 10.0       ; x86_64         ;
; Analysis & Synthesis      ; GUDRON-DESKTOP   ; Windows 10 ; 10.0       ; x86_64         ;
; Partition Merge           ; GUDRON-DESKTOP   ; Windows 10 ; 10.0       ; x86_64         ;
; I/O Assignment Analysis   ; GUDRON-DESKTOP   ; Windows 10 ; 10.0       ; x86_64         ;
; Fitter                    ; GUDRON-DESKTOP   ; Windows 10 ; 10.0       ; x86_64         ;
; Assembler                 ; GUDRON-DESKTOP   ; Windows 10 ; 10.0       ; x86_64         ;
; TimeQuest Timing Analyzer ; GUDRON-DESKTOP   ; Windows 10 ; 10.0       ; x86_64         ;
; Analysis & Synthesis      ; GUDRON-DESKTOP   ; Windows 10 ; 10.0       ; x86_64         ;
; Partition Merge           ; GUDRON-DESKTOP   ; Windows 10 ; 10.0       ; x86_64         ;
; I/O Assignment Analysis   ; GUDRON-DESKTOP   ; Windows 10 ; 10.0       ; x86_64         ;
; Fitter                    ; GUDRON-DESKTOP   ; Windows 10 ; 10.0       ; x86_64         ;
; Assembler                 ; GUDRON-DESKTOP   ; Windows 10 ; 10.0       ; x86_64         ;
; TimeQuest Timing Analyzer ; GUDRON-DESKTOP   ; Windows 10 ; 10.0       ; x86_64         ;
; Analysis & Synthesis      ; GUDRON-DESKTOP   ; Windows 10 ; 10.0       ; x86_64         ;
; Partition Merge           ; GUDRON-DESKTOP   ; Windows 10 ; 10.0       ; x86_64         ;
; I/O Assignment Analysis   ; GUDRON-DESKTOP   ; Windows 10 ; 10.0       ; x86_64         ;
; Fitter                    ; GUDRON-DESKTOP   ; Windows 10 ; 10.0       ; x86_64         ;
; Assembler                 ; GUDRON-DESKTOP   ; Windows 10 ; 10.0       ; x86_64         ;
; TimeQuest Timing Analyzer ; GUDRON-DESKTOP   ; Windows 10 ; 10.0       ; x86_64         ;
; Analysis & Synthesis      ; GUDRON-DESKTOP   ; Windows 10 ; 10.0       ; x86_64         ;
; Analysis & Synthesis      ; GUDRON-DESKTOP   ; Windows 10 ; 10.0       ; x86_64         ;
; Partition Merge           ; GUDRON-DESKTOP   ; Windows 10 ; 10.0       ; x86_64         ;
; I/O Assignment Analysis   ; GUDRON-DESKTOP   ; Windows 10 ; 10.0       ; x86_64         ;
; Fitter                    ; GUDRON-DESKTOP   ; Windows 10 ; 10.0       ; x86_64         ;
; Assembler                 ; GUDRON-DESKTOP   ; Windows 10 ; 10.0       ; x86_64         ;
; TimeQuest Timing Analyzer ; GUDRON-DESKTOP   ; Windows 10 ; 10.0       ; x86_64         ;
; Analysis & Synthesis      ; GUDRON-DESKTOP   ; Windows 10 ; 10.0       ; x86_64         ;
; Partition Merge           ; GUDRON-DESKTOP   ; Windows 10 ; 10.0       ; x86_64         ;
; I/O Assignment Analysis   ; GUDRON-DESKTOP   ; Windows 10 ; 10.0       ; x86_64         ;
; Fitter                    ; GUDRON-DESKTOP   ; Windows 10 ; 10.0       ; x86_64         ;
; Assembler                 ; GUDRON-DESKTOP   ; Windows 10 ; 10.0       ; x86_64         ;
; TimeQuest Timing Analyzer ; GUDRON-DESKTOP   ; Windows 10 ; 10.0       ; x86_64         ;
; Analysis & Synthesis      ; GUDRON-DESKTOP   ; Windows 10 ; 10.0       ; x86_64         ;
; Partition Merge           ; GUDRON-DESKTOP   ; Windows 10 ; 10.0       ; x86_64         ;
; I/O Assignment Analysis   ; GUDRON-DESKTOP   ; Windows 10 ; 10.0       ; x86_64         ;
; Fitter                    ; GUDRON-DESKTOP   ; Windows 10 ; 10.0       ; x86_64         ;
; Assembler                 ; GUDRON-DESKTOP   ; Windows 10 ; 10.0       ; x86_64         ;
; TimeQuest Timing Analyzer ; GUDRON-DESKTOP   ; Windows 10 ; 10.0       ; x86_64         ;
; Fitter                    ; GUDRON-DESKTOP   ; Windows 10 ; 10.0       ; x86_64         ;
; Assembler                 ; GUDRON-DESKTOP   ; Windows 10 ; 10.0       ; x86_64         ;
; Analysis & Synthesis      ; GUDRON-DESKTOP   ; Windows 10 ; 10.0       ; x86_64         ;
; Partition Merge           ; GUDRON-DESKTOP   ; Windows 10 ; 10.0       ; x86_64         ;
; I/O Assignment Analysis   ; GUDRON-DESKTOP   ; Windows 10 ; 10.0       ; x86_64         ;
; Fitter                    ; GUDRON-DESKTOP   ; Windows 10 ; 10.0       ; x86_64         ;
; Analysis & Synthesis      ; GUDRON-DESKTOP   ; Windows 10 ; 10.0       ; x86_64         ;
; Partition Merge           ; GUDRON-DESKTOP   ; Windows 10 ; 10.0       ; x86_64         ;
; I/O Assignment Analysis   ; GUDRON-DESKTOP   ; Windows 10 ; 10.0       ; x86_64         ;
; Fitter                    ; GUDRON-DESKTOP   ; Windows 10 ; 10.0       ; x86_64         ;
; Assembler                 ; GUDRON-DESKTOP   ; Windows 10 ; 10.0       ; x86_64         ;
; TimeQuest Timing Analyzer ; GUDRON-DESKTOP   ; Windows 10 ; 10.0       ; x86_64         ;
; Analysis & Synthesis      ; GUDRON-DESKTOP   ; Windows 10 ; 10.0       ; x86_64         ;
; Partition Merge           ; GUDRON-DESKTOP   ; Windows 10 ; 10.0       ; x86_64         ;
; I/O Assignment Analysis   ; GUDRON-DESKTOP   ; Windows 10 ; 10.0       ; x86_64         ;
; Fitter                    ; GUDRON-DESKTOP   ; Windows 10 ; 10.0       ; x86_64         ;
; Assembler                 ; GUDRON-DESKTOP   ; Windows 10 ; 10.0       ; x86_64         ;
; TimeQuest Timing Analyzer ; GUDRON-DESKTOP   ; Windows 10 ; 10.0       ; x86_64         ;
; Analysis & Synthesis      ; GUDRON-DESKTOP   ; Windows 10 ; 10.0       ; x86_64         ;
; Partition Merge           ; GUDRON-DESKTOP   ; Windows 10 ; 10.0       ; x86_64         ;
; I/O Assignment Analysis   ; GUDRON-DESKTOP   ; Windows 10 ; 10.0       ; x86_64         ;
; Fitter                    ; GUDRON-DESKTOP   ; Windows 10 ; 10.0       ; x86_64         ;
; Assembler                 ; GUDRON-DESKTOP   ; Windows 10 ; 10.0       ; x86_64         ;
; TimeQuest Timing Analyzer ; GUDRON-DESKTOP   ; Windows 10 ; 10.0       ; x86_64         ;
; Analysis & Synthesis      ; GUDRON-DESKTOP   ; Windows 10 ; 10.0       ; x86_64         ;
; Partition Merge           ; GUDRON-DESKTOP   ; Windows 10 ; 10.0       ; x86_64         ;
; I/O Assignment Analysis   ; GUDRON-DESKTOP   ; Windows 10 ; 10.0       ; x86_64         ;
; Fitter                    ; GUDRON-DESKTOP   ; Windows 10 ; 10.0       ; x86_64         ;
; Assembler                 ; GUDRON-DESKTOP   ; Windows 10 ; 10.0       ; x86_64         ;
; TimeQuest Timing Analyzer ; GUDRON-DESKTOP   ; Windows 10 ; 10.0       ; x86_64         ;
+---------------------------+------------------+------------+------------+----------------+


------------
; Flow Log ;
------------
quartus_map --read_settings_files=on --write_settings_files=off UA3REO -c UA3REO
quartus_cdb --read_settings_files=off --write_settings_files=off UA3REO -c UA3REO --merge=on
quartus_fit --read_settings_files=off --write_settings_files=off UA3REO -c UA3REO --plan
quartus_fit --read_settings_files=off --write_settings_files=off UA3REO -c UA3REO
quartus_asm --read_settings_files=off --write_settings_files=off UA3REO -c UA3REO
quartus_sta UA3REO -c UA3REO
quartus_map --read_settings_files=on --write_settings_files=off UA3REO -c UA3REO
quartus_map --read_settings_files=on --write_settings_files=off UA3REO -c UA3REO
quartus_cdb --read_settings_files=off --write_settings_files=off UA3REO -c UA3REO --merge=on
quartus_fit --read_settings_files=off --write_settings_files=off UA3REO -c UA3REO --plan
quartus_fit --read_settings_files=off --write_settings_files=off UA3REO -c UA3REO
quartus_asm --read_settings_files=off --write_settings_files=off UA3REO -c UA3REO
quartus_sta UA3REO -c UA3REO
quartus_map --read_settings_files=on --write_settings_files=off UA3REO -c UA3REO
quartus_cdb --read_settings_files=off --write_settings_files=off UA3REO -c UA3REO --merge=on
quartus_fit --read_settings_files=off --write_settings_files=off UA3REO -c UA3REO --plan
quartus_fit --read_settings_files=off --write_settings_files=off UA3REO -c UA3REO
quartus_asm --read_settings_files=off --write_settings_files=off UA3REO -c UA3REO
quartus_sta UA3REO -c UA3REO
quartus_map --read_settings_files=on --write_settings_files=off UA3REO -c UA3REO
quartus_cdb --read_settings_files=off --write_settings_files=off UA3REO -c UA3REO --merge=on
quartus_fit --read_settings_files=off --write_settings_files=off UA3REO -c UA3REO --plan
quartus_fit --read_settings_files=off --write_settings_files=off UA3REO -c UA3REO
quartus_asm --read_settings_files=off --write_settings_files=off UA3REO -c UA3REO
quartus_sta UA3REO -c UA3REO
quartus_cdb --read_settings_files=on --write_settings_files=off UA3REO -c UA3REO --merge=on
quartus_fit --read_settings_files=off --write_settings_files=off UA3REO -c UA3REO --plan
quartus_fit --read_settings_files=on --write_settings_files=off UA3REO -c UA3REO
quartus_fit --read_settings_files=on --write_settings_files=off UA3REO -c UA3REO
quartus_fit --read_settings_files=on --write_settings_files=off UA3REO -c UA3REO
quartus_fit --read_settings_files=on --write_settings_files=off UA3REO -c UA3REO
quartus_fit --read_settings_files=on --write_settings_files=off UA3REO -c UA3REO
quartus_asm --read_settings_files=off --write_settings_files=off UA3REO -c UA3REO
quartus_sta UA3REO -c UA3REO
quartus_map --read_settings_files=on --write_settings_files=off UA3REO -c UA3REO
quartus_cdb --read_settings_files=off --write_settings_files=off UA3REO -c UA3REO --merge=on
quartus_fit --read_settings_files=off --write_settings_files=off UA3REO -c UA3REO --plan
quartus_fit --read_settings_files=off --write_settings_files=off UA3REO -c UA3REO
quartus_asm --read_settings_files=off --write_settings_files=off UA3REO -c UA3REO
quartus_sta UA3REO -c UA3REO
quartus_map --read_settings_files=on --write_settings_files=off UA3REO -c UA3REO
quartus_cdb --read_settings_files=off --write_settings_files=off UA3REO -c UA3REO --merge=on
quartus_fit --read_settings_files=off --write_settings_files=off UA3REO -c UA3REO --plan
quartus_fit --read_settings_files=off --write_settings_files=off UA3REO -c UA3REO
quartus_asm --read_settings_files=off --write_settings_files=off UA3REO -c UA3REO
quartus_sta UA3REO -c UA3REO
quartus_map --read_settings_files=on --write_settings_files=off UA3REO -c UA3REO
quartus_cdb --read_settings_files=off --write_settings_files=off UA3REO -c UA3REO --merge=on
quartus_fit --read_settings_files=off --write_settings_files=off UA3REO -c UA3REO --plan
quartus_fit --read_settings_files=off --write_settings_files=off UA3REO -c UA3REO
quartus_asm --read_settings_files=off --write_settings_files=off UA3REO -c UA3REO
quartus_sta UA3REO -c UA3REO
quartus_cdb --read_settings_files=on --write_settings_files=off UA3REO -c UA3REO --merge=on
quartus_fit --read_settings_files=off --write_settings_files=off UA3REO -c UA3REO --plan
quartus_fit --read_settings_files=off --write_settings_files=off UA3REO -c UA3REO
quartus_asm --read_settings_files=off --write_settings_files=off UA3REO -c UA3REO
quartus_sta UA3REO -c UA3REO
quartus_map --read_settings_files=on --write_settings_files=off UA3REO -c UA3REO
quartus_cdb --read_settings_files=off --write_settings_files=off UA3REO -c UA3REO --merge=on
quartus_fit --read_settings_files=off --write_settings_files=off UA3REO -c UA3REO --plan
quartus_fit --read_settings_files=off --write_settings_files=off UA3REO -c UA3REO
quartus_asm --read_settings_files=off --write_settings_files=off UA3REO -c UA3REO
quartus_sta UA3REO -c UA3REO
quartus_map --read_settings_files=on --write_settings_files=off UA3REO -c UA3REO
quartus_cdb --read_settings_files=off --write_settings_files=off UA3REO -c UA3REO --merge=on
quartus_fit --read_settings_files=off --write_settings_files=off UA3REO -c UA3REO --plan
quartus_fit --read_settings_files=off --write_settings_files=off UA3REO -c UA3REO
quartus_asm --read_settings_files=off --write_settings_files=off UA3REO -c UA3REO
quartus_sta UA3REO -c UA3REO
quartus_map --read_settings_files=on --write_settings_files=off UA3REO -c UA3REO
quartus_cdb --read_settings_files=off --write_settings_files=off UA3REO -c UA3REO --merge=on
quartus_fit --read_settings_files=off --write_settings_files=off UA3REO -c UA3REO --plan
quartus_fit --read_settings_files=off --write_settings_files=off UA3REO -c UA3REO
quartus_asm --read_settings_files=off --write_settings_files=off UA3REO -c UA3REO
quartus_sta UA3REO -c UA3REO
quartus_map --read_settings_files=on --write_settings_files=off UA3REO -c UA3REO
quartus_cdb --read_settings_files=off --write_settings_files=off UA3REO -c UA3REO --merge=on
quartus_fit --read_settings_files=off --write_settings_files=off UA3REO -c UA3REO --plan
quartus_fit --read_settings_files=off --write_settings_files=off UA3REO -c UA3REO
quartus_asm --read_settings_files=off --write_settings_files=off UA3REO -c UA3REO
quartus_sta UA3REO -c UA3REO
quartus_cdb --read_settings_files=on --write_settings_files=off UA3REO -c UA3REO --merge=on
quartus_fit --read_settings_files=off --write_settings_files=off UA3REO -c UA3REO --plan
quartus_fit --read_settings_files=on --write_settings_files=off UA3REO -c UA3REO
quartus_fit --read_settings_files=on --write_settings_files=off UA3REO -c UA3REO
quartus_asm --read_settings_files=off --write_settings_files=off UA3REO -c UA3REO
quartus_sta UA3REO -c UA3REO
quartus_fit --read_settings_files=on --write_settings_files=off UA3REO -c UA3REO
quartus_fit --read_settings_files=on --write_settings_files=off UA3REO -c UA3REO
quartus_fit --read_settings_files=on --write_settings_files=off UA3REO -c UA3REO
quartus_fit --read_settings_files=on --write_settings_files=off UA3REO -c UA3REO
quartus_fit --read_settings_files=on --write_settings_files=off UA3REO -c UA3REO
quartus_fit --read_settings_files=on --write_settings_files=off UA3REO -c UA3REO
quartus_asm --read_settings_files=off --write_settings_files=off UA3REO -c UA3REO
quartus_sta UA3REO -c UA3REO
quartus_map --read_settings_files=on --write_settings_files=off UA3REO -c UA3REO
quartus_cdb --read_settings_files=off --write_settings_files=off UA3REO -c UA3REO --merge=on
quartus_fit --read_settings_files=off --write_settings_files=off UA3REO -c UA3REO --plan
quartus_fit --read_settings_files=off --write_settings_files=off UA3REO -c UA3REO
quartus_asm --read_settings_files=off --write_settings_files=off UA3REO -c UA3REO
quartus_sta UA3REO -c UA3REO
quartus_map --read_settings_files=on --write_settings_files=off UA3REO -c UA3REO
quartus_cdb --read_settings_files=off --write_settings_files=off UA3REO -c UA3REO --merge=on
quartus_fit --read_settings_files=off --write_settings_files=off UA3REO -c UA3REO --plan
quartus_fit --read_settings_files=off --write_settings_files=off UA3REO -c UA3REO
quartus_asm --read_settings_files=off --write_settings_files=off UA3REO -c UA3REO
quartus_sta UA3REO -c UA3REO
quartus_map --read_settings_files=on --write_settings_files=off UA3REO -c UA3REO
quartus_cdb --read_settings_files=off --write_settings_files=off UA3REO -c UA3REO --merge=on
quartus_fit --read_settings_files=off --write_settings_files=off UA3REO -c UA3REO --plan
quartus_fit --read_settings_files=off --write_settings_files=off UA3REO -c UA3REO
quartus_asm --read_settings_files=off --write_settings_files=off UA3REO -c UA3REO
quartus_sta UA3REO -c UA3REO
quartus_map --read_settings_files=on --write_settings_files=off UA3REO -c UA3REO
quartus_cdb --read_settings_files=off --write_settings_files=off UA3REO -c UA3REO --merge=on
quartus_fit --read_settings_files=off --write_settings_files=off UA3REO -c UA3REO --plan
quartus_fit --read_settings_files=off --write_settings_files=off UA3REO -c UA3REO
quartus_asm --read_settings_files=off --write_settings_files=off UA3REO -c UA3REO
quartus_sta UA3REO -c UA3REO
quartus_map --read_settings_files=on --write_settings_files=off UA3REO -c UA3REO
quartus_cdb --read_settings_files=off --write_settings_files=off UA3REO -c UA3REO --merge=on
quartus_fit --read_settings_files=off --write_settings_files=off UA3REO -c UA3REO --plan
quartus_fit --read_settings_files=off --write_settings_files=off UA3REO -c UA3REO
quartus_asm --read_settings_files=off --write_settings_files=off UA3REO -c UA3REO
quartus_sta UA3REO -c UA3REO
quartus_map --read_settings_files=on --write_settings_files=off UA3REO -c UA3REO
quartus_cdb --read_settings_files=off --write_settings_files=off UA3REO -c UA3REO --merge=on
quartus_fit --read_settings_files=off --write_settings_files=off UA3REO -c UA3REO --plan
quartus_fit --read_settings_files=off --write_settings_files=off UA3REO -c UA3REO
quartus_asm --read_settings_files=off --write_settings_files=off UA3REO -c UA3REO
quartus_sta UA3REO -c UA3REO
quartus_map --read_settings_files=on --write_settings_files=off UA3REO -c UA3REO
quartus_map --read_settings_files=on --write_settings_files=off UA3REO -c UA3REO
quartus_cdb --read_settings_files=off --write_settings_files=off UA3REO -c UA3REO --merge=on
quartus_fit --read_settings_files=off --write_settings_files=off UA3REO -c UA3REO --plan
quartus_fit --read_settings_files=off --write_settings_files=off UA3REO -c UA3REO
quartus_asm --read_settings_files=off --write_settings_files=off UA3REO -c UA3REO
quartus_sta UA3REO -c UA3REO
quartus_map --read_settings_files=on --write_settings_files=off UA3REO -c UA3REO
quartus_cdb --read_settings_files=off --write_settings_files=off UA3REO -c UA3REO --merge=on
quartus_fit --read_settings_files=off --write_settings_files=off UA3REO -c UA3REO --plan
quartus_fit --read_settings_files=off --write_settings_files=off UA3REO -c UA3REO
quartus_asm --read_settings_files=off --write_settings_files=off UA3REO -c UA3REO
quartus_sta UA3REO -c UA3REO
quartus_map --read_settings_files=on --write_settings_files=off UA3REO -c UA3REO
quartus_cdb --read_settings_files=off --write_settings_files=off UA3REO -c UA3REO --merge=on
quartus_fit --read_settings_files=off --write_settings_files=off UA3REO -c UA3REO --plan
quartus_fit --read_settings_files=off --write_settings_files=off UA3REO -c UA3REO
quartus_asm --read_settings_files=off --write_settings_files=off UA3REO -c UA3REO
quartus_sta UA3REO -c UA3REO
quartus_fit --read_settings_files=on --write_settings_files=off UA3REO -c UA3REO
quartus_asm --read_settings_files=on --write_settings_files=off UA3REO -c UA3REO
quartus_map --read_settings_files=on --write_settings_files=off UA3REO -c UA3REO
quartus_cdb --read_settings_files=off --write_settings_files=off UA3REO -c UA3REO --merge=on
quartus_fit --read_settings_files=off --write_settings_files=off UA3REO -c UA3REO --plan
quartus_fit --read_settings_files=on --write_settings_files=off UA3REO -c UA3REO
quartus_map --read_settings_files=on --write_settings_files=off UA3REO -c UA3REO
quartus_cdb --read_settings_files=off --write_settings_files=off UA3REO -c UA3REO --merge=on
quartus_fit --read_settings_files=off --write_settings_files=off UA3REO -c UA3REO --plan
quartus_fit --read_settings_files=off --write_settings_files=off UA3REO -c UA3REO
quartus_asm --read_settings_files=off --write_settings_files=off UA3REO -c UA3REO
quartus_sta UA3REO -c UA3REO
quartus_eda --read_settings_files=on --write_settings_files=off UA3REO -c UA3REO
quartus_map --read_settings_files=on --write_settings_files=off UA3REO -c UA3REO
quartus_cdb --read_settings_files=off --write_settings_files=off UA3REO -c UA3REO --merge=on
quartus_fit --read_settings_files=off --write_settings_files=off UA3REO -c UA3REO --plan
quartus_fit --read_settings_files=off --write_settings_files=off UA3REO -c UA3REO
quartus_asm --read_settings_files=off --write_settings_files=off UA3REO -c UA3REO
quartus_sta UA3REO -c UA3REO
quartus_map --read_settings_files=on --write_settings_files=off UA3REO -c UA3REO
quartus_cdb --read_settings_files=off --write_settings_files=off UA3REO -c UA3REO --merge=on
quartus_fit --read_settings_files=off --write_settings_files=off UA3REO -c UA3REO --plan
quartus_fit --read_settings_files=off --write_settings_files=off UA3REO -c UA3REO
quartus_asm --read_settings_files=off --write_settings_files=off UA3REO -c UA3REO
quartus_sta UA3REO -c UA3REO
quartus_map --read_settings_files=on --write_settings_files=off UA3REO -c UA3REO
quartus_cdb --read_settings_files=off --write_settings_files=off UA3REO -c UA3REO --merge=on
quartus_fit --read_settings_files=off --write_settings_files=off UA3REO -c UA3REO --plan
quartus_fit --read_settings_files=off --write_settings_files=off UA3REO -c UA3REO
quartus_asm --read_settings_files=off --write_settings_files=off UA3REO -c UA3REO
quartus_sta UA3REO -c UA3REO



